# JRE version: 7.0_04-b21
# Java VM: Java HotSpot(TM) 64-Bit Server VM (23.0-b21 mixed mode bsd-amd64 compressed oops)
Heap
 PSYoungGen      total 229376K, used 217659K [0x00000007f0000000, 0x0000000800000000, 0x0000000800000000)
  eden space 196608K, 100% used [0x00000007f0000000,0x00000007fc000000,0x00000007fc000000)
  from space 32768K, 64% used [0x00000007fc000000,0x00000007fd48ec40,0x00000007fe000000)
  to   space 32768K, 26% used [0x00000007fe000000,0x00000007fe884010,0x0000000800000000)
 ParOldGen       total 524288K, used 8K [0x00000007d0000000, 0x00000007f0000000, 0x00000007f0000000)
  object space 524288K, 0% used [0x00000007d0000000,0x00000007d0002000,0x00000007f0000000)
 PSPermGen       total 262144K, used 21297K [0x00000007c0000000, 0x00000007d0000000, 0x00000007d0000000)
  object space 262144K, 8% used [0x00000007c0000000,0x00000007c14cc6d8,0x00000007d0000000)
GC Heap History (3 events):
Event: 8.606 GC heap before
{Heap before GC invocations=1 (full 0):
 PSYoungGen      total 229376K, used 196608K [0x00000007f0000000, 0x0000000800000000, 0x0000000800000000)
  eden space 196608K, 100% used [0x00000007f0000000,0x00000007fc000000,0x00000007fc000000)
  from space 32768K, 0% used [0x00000007fe000000,0x00000007fe000000,0x0000000800000000)
  to   space 32768K, 0% used [0x00000007fc000000,0x00000007fc000000,0x00000007fe000000)
 ParOldGen       total 524288K, used 0K [0x00000007d0000000, 0x00000007f0000000, 0x00000007f0000000)
  object space 524288K, 0% used [0x00000007d0000000,0x00000007d0000000,0x00000007f0000000)
 PSPermGen       total 262144K, used 17805K [0x00000007c0000000, 0x00000007d0000000, 0x00000007d0000000)
  object space 262144K, 6% used [0x00000007c0000000,0x00000007c11637a0,0x00000007d0000000)
Event: 8.709 GC heap after
Heap after GC invocations=1 (full 0):
 PSYoungGen      total 229376K, used 21051K [0x00000007f0000000, 0x0000000800000000, 0x0000000800000000)
  eden space 196608K, 0% used [0x00000007f0000000,0x00000007f0000000,0x00000007fc000000)
  from space 32768K, 64% used [0x00000007fc000000,0x00000007fd48ec40,0x00000007fe000000)
  to   space 32768K, 0% used [0x00000007fe000000,0x00000007fe000000,0x0000000800000000)
 ParOldGen       total 524288K, used 8K [0x00000007d0000000, 0x00000007f0000000, 0x00000007f0000000)
  object space 524288K, 0% used [0x00000007d0000000,0x00000007d0002000,0x00000007f0000000)
 PSPermGen       total 262144K, used 17805K [0x00000007c0000000, 0x00000007d0000000, 0x00000007d0000000)
  object space 262144K, 6% used [0x00000007c0000000,0x00000007c11637a0,0x00000007d0000000)
}
Event: 14.802 GC heap before
{Heap before GC invocations=2 (full 0):
 PSYoungGen      total 229376K, used 217659K [0x00000007f0000000, 0x0000000800000000, 0x0000000800000000)
  eden space 196608K, 100% used [0x00000007f0000000,0x00000007fc000000,0x00000007fc000000)
  from space 32768K, 64% used [0x00000007fc000000,0x00000007fd48ec40,0x00000007fe000000)
  to   space 32768K, 0% used [0x00000007fe000000,0x00000007fe000000,0x0000000800000000)
 ParOldGen       total 524288K, used 8K [0x00000007d0000000, 0x00000007f0000000, 0x00000007f0000000)
  object space 524288K, 0% used [0x00000007d0000000,0x00000007d0002000,0x00000007f0000000)
 PSPermGen       total 262144K, used 21297K [0x00000007c0000000, 0x00000007d0000000, 0x00000007d0000000)
  object space 262144K, 8% used [0x00000007c0000000,0x00000007c14cc6d8,0x00000007d0000000)

